<?xml version="1.0" encoding="UTF-8"?>
<!-- Generated by org.testng.reporters.JUnitXMLReporter -->
<testsuite ignored="1" hostname="ykenan" failures="0" tests="2" name="Submit Order Test" time="16.929" errors="0" timestamp="2023-07-03T16:17:29 TRT">
  <testcase classname="ykenanTest.tests.SubmitOrderTest" name="submitOrder" time="3.737"/>
  <testcase classname="ykenanTest.tests.SubmitOrderTest" name="submitOrder" time="3.755"/>
  <testcase classname="ykenanTest.tests.SubmitOrderTest" name="OrderHistoryTest" time="0.0">
    <ignored/>
  </testcase> <!-- OrderHistoryTest -->
</testsuite> <!-- Submit Order Test -->
