<?xml version="1.0" encoding="UTF-8"?>
<testng-results ignored="3" total="5" passed="2" failed="0" skipped="0">
  <reporter-output>
  </reporter-output>
  <suite started-at="2023-07-03T16:17:13 TRT" name="Suite" finished-at="2023-07-03T16:17:29 TRT" duration-ms="16929">
    <groups>
      <group name="Purchase">
        <method signature="SubmitOrderTest.submitOrder(java.util.HashMap)[pri:0, instance:ykenanTest.tests.SubmitOrderTest@550dbc7a]" name="submitOrder" class="ykenanTest.tests.SubmitOrderTest"/>
      </group> <!-- Purchase -->
    </groups>
    <test started-at="2023-07-03T16:17:13 TRT" name="Error Validations Test" finished-at="2023-07-03T16:17:13 TRT" duration-ms="7">
    </test> <!-- Error Validations Test -->
    <test started-at="2023-07-03T16:17:13 TRT" name="Submit Order Test" finished-at="2023-07-03T16:17:29 TRT" duration-ms="16929">
      <class name="ykenanTest.tests.SubmitOrderTest">
        <test-method is-config="true" signature="launchApplication()[pri:0, instance:ykenanTest.tests.SubmitOrderTest@550dbc7a]" started-at="2023-07-03T16:17:13 TRT" name="launchApplication" finished-at="2023-07-03T16:17:18 TRT" duration-ms="5245" status="PASS">
          <reporter-output>
          </reporter-output>
        </test-method> <!-- launchApplication -->
        <test-method signature="submitOrder(java.util.HashMap)[pri:0, instance:ykenanTest.tests.SubmitOrderTest@550dbc7a]" started-at="2023-07-03T16:17:18 TRT" name="submitOrder" data-provider="getData" finished-at="2023-07-03T16:17:22 TRT" duration-ms="3737" status="PASS">
          <params>
            <param index="0">
              <value>
                <![CDATA[{password=Test@1234, product=ZARA COAT 3, email=rsaqauser@gmail.com}]]>
              </value>
            </param>
          </params>
          <reporter-output>
          </reporter-output>
        </test-method> <!-- submitOrder -->
        <test-method is-config="true" signature="tearDown()[pri:0, instance:ykenanTest.tests.SubmitOrderTest@550dbc7a]" started-at="2023-07-03T16:17:22 TRT" name="tearDown" finished-at="2023-07-03T16:17:22 TRT" duration-ms="152" status="PASS">
          <reporter-output>
          </reporter-output>
        </test-method> <!-- tearDown -->
        <test-method is-config="true" signature="launchApplication()[pri:0, instance:ykenanTest.tests.SubmitOrderTest@550dbc7a]" started-at="2023-07-03T16:17:22 TRT" name="launchApplication" finished-at="2023-07-03T16:17:26 TRT" duration-ms="3576" status="PASS">
          <reporter-output>
          </reporter-output>
        </test-method> <!-- launchApplication -->
        <test-method signature="submitOrder(java.util.HashMap)[pri:0, instance:ykenanTest.tests.SubmitOrderTest@550dbc7a]" started-at="2023-07-03T16:17:26 TRT" name="submitOrder" data-provider="getData" finished-at="2023-07-03T16:17:29 TRT" duration-ms="3755" status="PASS">
          <params>
            <param index="0">
              <value>
                <![CDATA[{password=Iamking@000, product=ADIDAS ORIGINAL, email=shetty@gmail.com}]]>
              </value>
            </param>
          </params>
          <reporter-output>
          </reporter-output>
        </test-method> <!-- submitOrder -->
        <test-method is-config="true" signature="tearDown()[pri:0, instance:ykenanTest.tests.SubmitOrderTest@550dbc7a]" started-at="2023-07-03T16:17:29 TRT" name="tearDown" finished-at="2023-07-03T16:17:29 TRT" duration-ms="120" status="PASS">
          <reporter-output>
          </reporter-output>
        </test-method> <!-- tearDown -->
      </class> <!-- ykenanTest.tests.SubmitOrderTest -->
    </test> <!-- Submit Order Test -->
  </suite> <!-- Suite -->
</testng-results>
